<?xml version="1.0" encoding="UTF-8"?>
<testng-results skipped="0" failed="1" ignored="0" total="9" passed="8">
  <reporter-output>
  </reporter-output>
  <suite name="Default suite" duration-ms="100220" started-at="2022-05-26T22:00:29 IST" finished-at="2022-05-26T22:02:09 IST">
    <groups>
      <group name="cucumber">
        <method signature="AbstractTestNGCucumberTests.runScenario(io.cucumber.testng.PickleWrapper,io.cucumber.testng.FeatureWrapper)[pri:0, instance:cucumberoptions.TestRunner@376b4233]" name="runScenario" class="io.cucumber.testng.AbstractTestNGCucumberTests"/>
      </group> <!-- cucumber -->
    </groups>
    <test name="Default test" duration-ms="100220" started-at="2022-05-26T22:00:29 IST" finished-at="2022-05-26T22:02:09 IST">
      <class name="cucumberoptions.TestRunner">
        <test-method status="PASS" signature="setUpClass(org.testng.ITestContext)[pri:0, instance:cucumberoptions.TestRunner@376b4233]" name="setUpClass" is-config="true" duration-ms="206" started-at="2022-05-26T22:00:29 IST" finished-at="2022-05-26T22:00:30 IST">
          <params>
            <param index="0">
              <value>
                <![CDATA[org.testng.TestRunner@1a531422]]>
              </value>
            </param>
          </params>
          <reporter-output>
          </reporter-output>
        </test-method> <!-- setUpClass -->
        <test-method status="FAIL" signature="runScenario(io.cucumber.testng.PickleWrapper,io.cucumber.testng.FeatureWrapper)[pri:0, instance:cucumberoptions.TestRunner@376b4233]" name="runScenario" duration-ms="13152" started-at="2022-05-26T22:00:30 IST" description="Runs Cucumber Scenarios" data-provider="scenarios" finished-at="2022-05-26T22:00:43 IST">
          <params>
            <param index="0">
              <value>
                <![CDATA["Sum of balance matches the total"]]>
              </value>
            </param>
            <param index="1">
              <value>
                <![CDATA["Account Overview"]]>
              </value>
            </param>
          </params>
          <exception class="java.lang.AssertionError">
            <message>
              <![CDATA[expected [-6961.07] but found [-6961.0703]]]>
            </message>
            <full-stacktrace>
              <![CDATA[java.lang.AssertionError: expected [-6961.07] but found [-6961.0703]
at org.testng.Assert.fail(Assert.java:99)
at org.testng.Assert.failNotEquals(Assert.java:1037)
at org.testng.Assert.assertEquals(Assert.java:774)
at org.testng.Assert.assertEquals(Assert.java:785)
at stepdefinition.StepDefinition.sum_matches_total(StepDefinition.java:155)
at ✽.Verify the total matches the sum of balances(file:///C:/Users/703316032/Eclipse/CucumberProject/src/test/java/features/AccountOverview.feature:6)
]]>
            </full-stacktrace>
          </exception> <!-- java.lang.AssertionError -->
          <reporter-output>
          </reporter-output>
        </test-method> <!-- runScenario -->
        <test-method status="PASS" signature="runScenario(io.cucumber.testng.PickleWrapper,io.cucumber.testng.FeatureWrapper)[pri:0, instance:cucumberoptions.TestRunner@376b4233]" name="runScenario" duration-ms="12080" started-at="2022-05-26T22:00:43 IST" description="Runs Cucumber Scenarios" data-provider="scenarios" finished-at="2022-05-26T22:00:55 IST">
          <params>
            <param index="0">
              <value>
                <![CDATA["User pays the bill with different data"]]>
              </value>
            </param>
            <param index="1">
              <value>
                <![CDATA["Bill Pay"]]>
              </value>
            </param>
          </params>
          <reporter-output>
          </reporter-output>
        </test-method> <!-- runScenario -->
        <test-method status="PASS" signature="runScenario(io.cucumber.testng.PickleWrapper,io.cucumber.testng.FeatureWrapper)[pri:0, instance:cucumberoptions.TestRunner@376b4233]" name="runScenario" duration-ms="10676" started-at="2022-05-26T22:00:55 IST" description="Runs Cucumber Scenarios" data-provider="scenarios" finished-at="2022-05-26T22:01:05 IST">
          <params>
            <param index="0">
              <value>
                <![CDATA["User creates a new Account"]]>
              </value>
            </param>
            <param index="1">
              <value>
                <![CDATA["Open New Account"]]>
              </value>
            </param>
          </params>
          <reporter-output>
          </reporter-output>
        </test-method> <!-- runScenario -->
        <test-method status="PASS" signature="runScenario(io.cucumber.testng.PickleWrapper,io.cucumber.testng.FeatureWrapper)[pri:0, instance:cucumberoptions.TestRunner@376b4233]" name="runScenario" duration-ms="10985" started-at="2022-05-26T22:01:05 IST" description="Runs Cucumber Scenarios" data-provider="scenarios" finished-at="2022-05-26T22:01:16 IST">
          <params>
            <param index="0">
              <value>
                <![CDATA["User creates a new Account"]]>
              </value>
            </param>
            <param index="1">
              <value>
                <![CDATA["Open New Account"]]>
              </value>
            </param>
          </params>
          <reporter-output>
          </reporter-output>
        </test-method> <!-- runScenario -->
        <test-method status="PASS" signature="runScenario(io.cucumber.testng.PickleWrapper,io.cucumber.testng.FeatureWrapper)[pri:0, instance:cucumberoptions.TestRunner@376b4233]" name="runScenario" duration-ms="9669" started-at="2022-05-26T22:01:16 IST" description="Runs Cucumber Scenarios" data-provider="scenarios" finished-at="2022-05-26T22:01:26 IST">
          <params>
            <param index="0">
              <value>
                <![CDATA["Verify that user is able to Find Transaction by Amount"]]>
              </value>
            </param>
            <param index="1">
              <value>
                <![CDATA["Find Transaction"]]>
              </value>
            </param>
          </params>
          <reporter-output>
          </reporter-output>
        </test-method> <!-- runScenario -->
        <test-method status="PASS" signature="runScenario(io.cucumber.testng.PickleWrapper,io.cucumber.testng.FeatureWrapper)[pri:0, instance:cucumberoptions.TestRunner@376b4233]" name="runScenario" duration-ms="6170" started-at="2022-05-26T22:01:26 IST" description="Runs Cucumber Scenarios" data-provider="scenarios" finished-at="2022-05-26T22:01:32 IST">
          <params>
            <param index="0">
              <value>
                <![CDATA["Valid Home page login"]]>
              </value>
            </param>
            <param index="1">
              <value>
                <![CDATA["Application Login"]]>
              </value>
            </param>
          </params>
          <reporter-output>
          </reporter-output>
        </test-method> <!-- runScenario -->
        <test-method status="PASS" signature="runScenario(io.cucumber.testng.PickleWrapper,io.cucumber.testng.FeatureWrapper)[pri:0, instance:cucumberoptions.TestRunner@376b4233]" name="runScenario" duration-ms="10795" started-at="2022-05-26T22:01:32 IST" description="Runs Cucumber Scenarios" data-provider="scenarios" finished-at="2022-05-26T22:01:43 IST">
          <params>
            <param index="0">
              <value>
                <![CDATA["Verify that user is able to request loan"]]>
              </value>
            </param>
            <param index="1">
              <value>
                <![CDATA["Request Loan"]]>
              </value>
            </param>
          </params>
          <reporter-output>
          </reporter-output>
        </test-method> <!-- runScenario -->
        <test-method status="PASS" signature="runScenario(io.cucumber.testng.PickleWrapper,io.cucumber.testng.FeatureWrapper)[pri:0, instance:cucumberoptions.TestRunner@376b4233]" name="runScenario" duration-ms="14227" started-at="2022-05-26T22:01:43 IST" description="Runs Cucumber Scenarios" data-provider="scenarios" finished-at="2022-05-26T22:01:57 IST">
          <params>
            <param index="0">
              <value>
                <![CDATA["User should be able to transfer fund"]]>
              </value>
            </param>
            <param index="1">
              <value>
                <![CDATA["Transfer Fund"]]>
              </value>
            </param>
          </params>
          <reporter-output>
          </reporter-output>
        </test-method> <!-- runScenario -->
        <test-method status="PASS" signature="runScenario(io.cucumber.testng.PickleWrapper,io.cucumber.testng.FeatureWrapper)[pri:0, instance:cucumberoptions.TestRunner@376b4233]" name="runScenario" duration-ms="11970" started-at="2022-05-26T22:01:57 IST" description="Runs Cucumber Scenarios" data-provider="scenarios" finished-at="2022-05-26T22:02:09 IST">
          <params>
            <param index="0">
              <value>
                <![CDATA["Verify that user is able to change phone no"]]>
              </value>
            </param>
            <param index="1">
              <value>
                <![CDATA["Update Contact Info"]]>
              </value>
            </param>
          </params>
          <reporter-output>
          </reporter-output>
        </test-method> <!-- runScenario -->
        <test-method status="PASS" signature="tearDownClass()[pri:0, instance:cucumberoptions.TestRunner@376b4233]" name="tearDownClass" is-config="true" duration-ms="8" started-at="2022-05-26T22:02:09 IST" finished-at="2022-05-26T22:02:09 IST">
          <reporter-output>
          </reporter-output>
        </test-method> <!-- tearDownClass -->
      </class> <!-- cucumberoptions.TestRunner -->
    </test> <!-- Default test -->
  </suite> <!-- Default suite -->
</testng-results>
