<?xml version="1.0" encoding="UTF-8"?>
<testng-results skipped="0" failed="0" ignored="0" total="9" passed="9">
  <reporter-output>
  </reporter-output>
  <suite name="Suite" duration-ms="109030" started-at="2022-05-24T12:10:28 IST" finished-at="2022-05-24T12:12:17 IST">
    <groups>
      <group name="cucumber">
        <method signature="AbstractTestNGCucumberTests.runScenario(io.cucumber.testng.PickleWrapper, io.cucumber.testng.FeatureWrapper)[pri:0, instance:cucumberoptions.TestRunner@cb51256]" name="runScenario" class="io.cucumber.testng.AbstractTestNGCucumberTests"/>
      </group> <!-- cucumber -->
    </groups>
    <test name="Test" duration-ms="109030" started-at="2022-05-24T12:10:28 IST" finished-at="2022-05-24T12:12:17 IST">
      <class name="cucumberoptions.TestRunner">
        <test-method status="PASS" signature="setUpClass(org.testng.ITestContext)[pri:0, instance:cucumberoptions.TestRunner@cb51256]" name="setUpClass" is-config="true" duration-ms="251" started-at="2022-05-24T12:10:28 IST" finished-at="2022-05-24T12:10:28 IST">
          <params>
            <param index="0">
              <value>
                <![CDATA[org.testng.TestRunner@39bbd9e0]]>
              </value>
            </param>
          </params>
          <reporter-output>
          </reporter-output>
        </test-method> <!-- setUpClass -->
        <test-method status="PASS" signature="runScenario(io.cucumber.testng.PickleWrapper, io.cucumber.testng.FeatureWrapper)[pri:0, instance:cucumberoptions.TestRunner@cb51256]" name="runScenario" duration-ms="12566" started-at="2022-05-24T12:10:28 IST" description="Runs Cucumber Scenarios" data-provider="scenarios" finished-at="2022-05-24T12:10:40 IST">
          <params>
            <param index="0">
              <value>
                <![CDATA["Sum of balance matches the total"]]>
              </value>
            </param>
            <param index="1">
              <value>
                <![CDATA["Account Overview"]]>
              </value>
            </param>
          </params>
          <reporter-output>
          </reporter-output>
        </test-method> <!-- runScenario -->
        <test-method status="PASS" signature="runScenario(io.cucumber.testng.PickleWrapper, io.cucumber.testng.FeatureWrapper)[pri:0, instance:cucumberoptions.TestRunner@cb51256]" name="runScenario" duration-ms="11849" started-at="2022-05-24T12:10:40 IST" description="Runs Cucumber Scenarios" data-provider="scenarios" finished-at="2022-05-24T12:10:52 IST">
          <params>
            <param index="0">
              <value>
                <![CDATA["User pays the bill with different data"]]>
              </value>
            </param>
            <param index="1">
              <value>
                <![CDATA["Bill Pay"]]>
              </value>
            </param>
          </params>
          <reporter-output>
          </reporter-output>
        </test-method> <!-- runScenario -->
        <test-method status="PASS" signature="runScenario(io.cucumber.testng.PickleWrapper, io.cucumber.testng.FeatureWrapper)[pri:0, instance:cucumberoptions.TestRunner@cb51256]" name="runScenario" duration-ms="17492" started-at="2022-05-24T12:10:52 IST" description="Runs Cucumber Scenarios" data-provider="scenarios" finished-at="2022-05-24T12:11:10 IST">
          <params>
            <param index="0">
              <value>
                <![CDATA["User creates a new Account"]]>
              </value>
            </param>
            <param index="1">
              <value>
                <![CDATA["Open New Account"]]>
              </value>
            </param>
          </params>
          <reporter-output>
          </reporter-output>
        </test-method> <!-- runScenario -->
        <test-method status="PASS" signature="runScenario(io.cucumber.testng.PickleWrapper, io.cucumber.testng.FeatureWrapper)[pri:0, instance:cucumberoptions.TestRunner@cb51256]" name="runScenario" duration-ms="11230" started-at="2022-05-24T12:11:10 IST" description="Runs Cucumber Scenarios" data-provider="scenarios" finished-at="2022-05-24T12:11:21 IST">
          <params>
            <param index="0">
              <value>
                <![CDATA["User creates a new Account"]]>
              </value>
            </param>
            <param index="1">
              <value>
                <![CDATA["Open New Account"]]>
              </value>
            </param>
          </params>
          <reporter-output>
          </reporter-output>
        </test-method> <!-- runScenario -->
        <test-method status="PASS" signature="runScenario(io.cucumber.testng.PickleWrapper, io.cucumber.testng.FeatureWrapper)[pri:0, instance:cucumberoptions.TestRunner@cb51256]" name="runScenario" duration-ms="10828" started-at="2022-05-24T12:11:21 IST" description="Runs Cucumber Scenarios" data-provider="scenarios" finished-at="2022-05-24T12:11:32 IST">
          <params>
            <param index="0">
              <value>
                <![CDATA["Verify that user is able to Find Transaction by Amount"]]>
              </value>
            </param>
            <param index="1">
              <value>
                <![CDATA["Find Transaction"]]>
              </value>
            </param>
          </params>
          <reporter-output>
          </reporter-output>
        </test-method> <!-- runScenario -->
        <test-method status="PASS" signature="runScenario(io.cucumber.testng.PickleWrapper, io.cucumber.testng.FeatureWrapper)[pri:0, instance:cucumberoptions.TestRunner@cb51256]" name="runScenario" duration-ms="6854" started-at="2022-05-24T12:11:32 IST" description="Runs Cucumber Scenarios" data-provider="scenarios" finished-at="2022-05-24T12:11:39 IST">
          <params>
            <param index="0">
              <value>
                <![CDATA["Valid Home page login"]]>
              </value>
            </param>
            <param index="1">
              <value>
                <![CDATA["Application Login"]]>
              </value>
            </param>
          </params>
          <reporter-output>
          </reporter-output>
        </test-method> <!-- runScenario -->
        <test-method status="PASS" signature="runScenario(io.cucumber.testng.PickleWrapper, io.cucumber.testng.FeatureWrapper)[pri:0, instance:cucumberoptions.TestRunner@cb51256]" name="runScenario" duration-ms="10615" started-at="2022-05-24T12:11:39 IST" description="Runs Cucumber Scenarios" data-provider="scenarios" finished-at="2022-05-24T12:11:49 IST">
          <params>
            <param index="0">
              <value>
                <![CDATA["Verify that user is able to request loan"]]>
              </value>
            </param>
            <param index="1">
              <value>
                <![CDATA["Request Loan"]]>
              </value>
            </param>
          </params>
          <reporter-output>
          </reporter-output>
        </test-method> <!-- runScenario -->
        <test-method status="PASS" signature="runScenario(io.cucumber.testng.PickleWrapper, io.cucumber.testng.FeatureWrapper)[pri:0, instance:cucumberoptions.TestRunner@cb51256]" name="runScenario" duration-ms="14669" started-at="2022-05-24T12:11:49 IST" description="Runs Cucumber Scenarios" data-provider="scenarios" finished-at="2022-05-24T12:12:04 IST">
          <params>
            <param index="0">
              <value>
                <![CDATA["User should be able to transfer fund"]]>
              </value>
            </param>
            <param index="1">
              <value>
                <![CDATA["Transfer Fund"]]>
              </value>
            </param>
          </params>
          <reporter-output>
          </reporter-output>
        </test-method> <!-- runScenario -->
        <test-method status="PASS" signature="runScenario(io.cucumber.testng.PickleWrapper, io.cucumber.testng.FeatureWrapper)[pri:0, instance:cucumberoptions.TestRunner@cb51256]" name="runScenario" duration-ms="12611" started-at="2022-05-24T12:12:04 IST" description="Runs Cucumber Scenarios" data-provider="scenarios" finished-at="2022-05-24T12:12:17 IST">
          <params>
            <param index="0">
              <value>
                <![CDATA["Verify that user is able to change phone no"]]>
              </value>
            </param>
            <param index="1">
              <value>
                <![CDATA["Update Contact Info"]]>
              </value>
            </param>
          </params>
          <reporter-output>
          </reporter-output>
        </test-method> <!-- runScenario -->
        <test-method status="PASS" signature="tearDownClass()[pri:0, instance:cucumberoptions.TestRunner@cb51256]" name="tearDownClass" is-config="true" duration-ms="15" started-at="2022-05-24T12:12:17 IST" finished-at="2022-05-24T12:12:17 IST">
          <reporter-output>
          </reporter-output>
        </test-method> <!-- tearDownClass -->
      </class> <!-- cucumberoptions.TestRunner -->
    </test> <!-- Test -->
  </suite> <!-- Suite -->
</testng-results>
